<?xml version="1.0" encoding="UTF-8"?>
<!-- Generated by org.testng.reporters.JUnitXMLReporter -->
<testsuite hostname="DESKTOP-4E86TV8" ignored="0" name="Test" tests="1" failures="1" timestamp="05 Feb 2019 15:12:10 GMT" time="0.078" errors="0">
  <testcase name="demorun" time="0.032" classname="scren.Roooow">
    <failure type="java.lang.NoClassDefFoundError" message="com/google/common/base/Function">
      <![CDATA[java.lang.NoClassDefFoundError: com/google/common/base/Functionat scren.Roooow.demorun(Roooow.java:22)Caused by: java.lang.ClassNotFoundException: com.google.common.base.Functionat java.net.URLClassLoader.findClass(Unknown Source)at java.lang.ClassLoader.loadClass(Unknown Source)at sun.misc.Launcher$AppClassLoader.loadClass(Unknown Source)at java.lang.ClassLoader.loadClass(Unknown Source)... 26 more... Removed 25 stack frames]]>
    </failure>
  </testcase> <!-- demorun -->
</testsuite> <!-- Test -->
